<?xml version="1.0" encoding="UTF-8"?>
<testsuite xmlns:xsi="http://www.w3.org/2001/XMLSchema-instance" xsi:noNamespaceSchemaLocation="https://maven.apache.org/surefire/maven-surefire-plugin/xsd/surefire-test-report.xsd" name="com.demo.controller.RabbitMQControllerTest" time="1.033" tests="3" errors="0" skipped="0" failures="0">
  <properties>
[...]
</properties>
  <testcase name="basic_consume_nack_case" classname="com.demo.controller.RabbitMQControllerTest" time="0.599"/>
  <testcase name="basic_consume_case" classname="com.demo.controller.RabbitMQControllerTest" time="0.269"/>
  <testcase name="basic_get_case" classname="com.demo.controller.RabbitMQControllerTest" time="0.053"/>
</testsuite>